2024-11-20 14:18:32.227 [info] [main] Log level: Info
2024-11-20 14:18:32.227 [info] [main] Validating found git in: "git"
2024-11-20 14:18:32.227 [info] [main] Using git "2.47.0" from "git"
2024-11-20 14:18:32.227 [info] [Model][doInitialScan] Initial repository scan started
2024-11-20 14:18:32.227 [info] > git rev-parse --show-toplevel [19ms]
2024-11-20 14:18:32.227 [info] [Model][doInitialScan] Initial repository scan completed - repositories (0), closed repositories (0), parent repositories (1), unsafe repositories (0)
2024-11-20 14:20:02.802 [info] > git rev-parse --show-toplevel [2ms]
2024-11-20 14:20:37.246 [info] > git rev-parse --show-toplevel [4ms]
2024-11-20 14:20:40.579 [info] > git rev-parse --show-toplevel [4ms]
2024-11-20 14:20:42.148 [info] > git rev-parse --show-toplevel [3ms]
2024-11-20 14:20:51.090 [info] > git rev-parse --show-toplevel [2ms]
2024-11-20 14:21:07.930 [info] > git rev-parse --show-toplevel [2ms]
2024-11-20 14:25:14.187 [info] > git rev-parse --show-toplevel [4ms]
2024-11-20 14:25:26.874 [info] > git rev-parse --show-toplevel [13ms]
2024-11-20 14:49:39.684 [info] > git rev-parse --show-toplevel [5ms]
2024-11-20 14:49:42.487 [info] > git rev-parse --show-toplevel [4ms]
2024-11-20 14:50:10.515 [info] > git rev-parse --show-toplevel [2ms]
2024-11-20 14:57:51.585 [info] > git rev-parse --show-toplevel [3ms]
2024-11-20 14:59:45.873 [info] > git rev-parse --show-toplevel [2ms]
2024-11-20 15:00:31.057 [info] > git rev-parse --show-toplevel [3ms]
2024-11-20 15:00:32.091 [info] > git rev-parse --show-toplevel [3ms]
2024-11-20 15:00:59.115 [info] > git rev-parse --show-toplevel [4ms]
2024-11-20 15:03:36.569 [info] > git rev-parse --show-toplevel [3ms]
2024-11-20 15:04:41.020 [info] > git rev-parse --show-toplevel [2ms]
2024-11-20 15:04:53.246 [info] > git rev-parse --show-toplevel [4ms]
2024-11-20 15:05:04.818 [info] > git rev-parse --show-toplevel [3ms]
2024-11-20 15:05:50.256 [info] > git rev-parse --show-toplevel [3ms]
2024-11-20 15:07:06.789 [info] > git rev-parse --show-toplevel [4ms]
2024-11-20 15:07:12.800 [info] > git rev-parse --show-toplevel [2ms]
2024-11-20 15:08:09.378 [info] > git rev-parse --show-toplevel [3ms]
2024-11-20 15:08:11.050 [info] > git rev-parse --show-toplevel [2ms]
2024-11-20 15:09:00.284 [info] > git rev-parse --show-toplevel [2ms]
2024-11-20 15:09:48.585 [info] > git rev-parse --show-toplevel [2ms]
2024-11-20 15:09:51.558 [info] > git rev-parse --show-toplevel [3ms]
2024-11-20 15:10:14.859 [info] > git rev-parse --show-toplevel [3ms]
2024-11-20 15:10:20.369 [info] > git rev-parse --show-toplevel [3ms]
2024-11-20 15:10:24.934 [info] > git rev-parse --show-toplevel [2ms]
