2024-11-20 15:22:27.572 [info] [main] Log level: Info
2024-11-20 15:22:27.572 [info] [main] Validating found git in: "git"
2024-11-20 15:22:27.572 [info] [main] Using git "2.47.0" from "git"
2024-11-20 15:22:27.572 [info] [Model][doInitialScan] Initial repository scan started
2024-11-20 15:22:27.572 [info] > git rev-parse --show-toplevel [33ms]
2024-11-20 15:22:27.572 [info] [Model][doInitialScan] Initial repository scan completed - repositories (0), closed repositories (0), parent repositories (1), unsafe repositories (0)
2024-11-20 15:23:11.756 [info] [main] Log level: Info
2024-11-20 15:23:11.756 [info] [main] Validating found git in: "git"
2024-11-20 15:23:11.756 [info] [main] Using git "2.47.0" from "git"
2024-11-20 15:23:11.756 [info] [Model][doInitialScan] Initial repository scan started
2024-11-20 15:23:11.756 [info] > git rev-parse --show-toplevel [15ms]
2024-11-20 15:23:12.074 [info] > git rev-parse --show-toplevel [40ms]
2024-11-20 15:23:12.103 [info] > git rev-parse --show-toplevel [4ms]
2024-11-20 15:23:12.108 [info] [Model][doInitialScan] Initial repository scan completed - repositories (0), closed repositories (0), parent repositories (1), unsafe repositories (0)
2024-11-20 15:23:12.130 [info] > git rev-parse --show-toplevel [2ms]
2024-11-20 15:23:12.250 [info] > git rev-parse --show-toplevel [14ms]
2024-11-20 15:29:40.228 [info] > git rev-parse --show-toplevel [2ms]
2024-11-20 15:32:54.438 [info] > git rev-parse --show-toplevel [3ms]
2024-11-20 15:41:06.399 [info] > git rev-parse --show-toplevel [2ms]
2024-11-20 16:39:52.499 [info] > git rev-parse --show-toplevel [10ms]
2024-11-20 16:45:48.509 [info] [main] Log level: Info
2024-11-20 16:45:48.509 [info] [main] Validating found git in: "git"
2024-11-20 16:45:48.509 [info] [main] Using git "2.47.0" from "git"
2024-11-20 16:45:48.510 [info] [Model][doInitialScan] Initial repository scan started
2024-11-20 16:45:48.510 [info] > git rev-parse --show-toplevel [87ms]
2024-11-20 16:45:48.864 [info] > git rev-parse --show-toplevel [13ms]
2024-11-20 16:45:48.920 [info] > git rev-parse --show-toplevel [16ms]
2024-11-20 16:45:48.948 [info] [Model][doInitialScan] Initial repository scan completed - repositories (0), closed repositories (0), parent repositories (1), unsafe repositories (0)
2024-11-20 16:45:50.992 [info] > git rev-parse --show-toplevel [10ms]
2024-11-20 16:46:46.730 [info] > git rev-parse --show-toplevel [16ms]
2024-11-20 16:47:09.029 [info] > git rev-parse --show-toplevel [30ms]
2024-11-20 16:47:13.048 [info] > git rev-parse --show-toplevel [49ms]
2024-11-20 17:33:33.770 [info] > git rev-parse --show-toplevel [6ms]
2024-11-20 17:33:42.165 [info] > git rev-parse --show-toplevel [16ms]
2024-11-20 17:34:01.816 [info] > git rev-parse --show-toplevel [27ms]
2024-11-20 17:34:09.990 [info] > git rev-parse --show-toplevel [11ms]
2024-11-20 17:34:55.694 [info] > git rev-parse --show-toplevel [17ms]
2024-11-20 17:38:35.092 [info] > git rev-parse --show-toplevel [3ms]
2024-11-20 17:49:28.581 [info] > git rev-parse --show-toplevel [2ms]
2024-11-20 17:50:32.436 [info] > git rev-parse --show-toplevel [1ms]
2024-11-20 17:50:32.519 [info] > git rev-parse --show-toplevel [3ms]
2024-11-20 17:50:51.181 [info] > git rev-parse --show-toplevel [3ms]
2024-11-20 17:58:39.203 [info] > git rev-parse --show-toplevel [2ms]
2024-11-20 18:32:25.865 [info] > git rev-parse --show-toplevel [143ms]
2024-11-20 18:32:27.675 [info] > git rev-parse --show-toplevel [12ms]
