2024-11-20 14:08:16.804 [info] Added views:outline in workbench.view.explorer
2024-11-20 14:08:16.804 [info] Added views:workbench.view.search in workbench.view.search
2024-11-20 14:08:16.804 [info] Added views:workbench.scm in workbench.view.scm
2024-11-20 14:08:16.804 [info] Added views:workbench.panel.markers.view in workbench.panel.markers
2024-11-20 14:08:16.804 [info] Added views:workbench.panel.output in workbench.panel.output
2024-11-20 14:08:16.804 [info] Added views:terminal in terminal
2024-11-20 14:08:16.804 [info] Added views:timeline in workbench.view.explorer
2024-11-20 14:08:16.804 [info] Added views:workbench.explorer.fileView in workbench.view.explorer
2024-11-20 14:08:17.470 [info] Added views:workbench.debug.variablesView,workbench.debug.watchExpressionsView,workbench.debug.callStackView,workbench.debug.breakPointsView in workbench.view.debug
2024-11-20 14:08:18.600 [info] Added views:workbench.panel.repl.view in workbench.panel.repl
2024-11-20 14:08:18.602 [info] Removed views:workbench.debug.breakPointsView,workbench.debug.callStackView,workbench.debug.watchExpressionsView,workbench.debug.variablesView from workbench.view.debug
2024-11-20 14:08:18.609 [info] Added views:workbench.debug.welcome in workbench.view.debug
2024-11-20 14:08:18.815 [info] Added views:~remote.forwardedPorts in ~remote.forwardedPortsContainer
2024-11-20 14:08:36.733 [info] Added views:outline in workbench.view.explorer
2024-11-20 14:08:36.733 [info] Added views:workbench.view.search in workbench.view.search
2024-11-20 14:08:36.733 [info] Added views:workbench.scm in workbench.view.scm
2024-11-20 14:08:36.733 [info] Added views:workbench.panel.markers.view in workbench.panel.markers
2024-11-20 14:08:36.733 [info] Added views:workbench.panel.output in workbench.panel.output
2024-11-20 14:08:36.733 [info] Added views:terminal in terminal
2024-11-20 14:08:36.733 [info] Added views:timeline in workbench.view.explorer
2024-11-20 14:08:36.733 [info] Added views:workbench.explorer.fileView in workbench.view.explorer
2024-11-20 14:08:37.429 [info] Added views:workbench.debug.variablesView,workbench.debug.watchExpressionsView,workbench.debug.callStackView,workbench.debug.breakPointsView in workbench.view.debug
2024-11-20 14:08:38.482 [info] Added views:workbench.panel.repl.view in workbench.panel.repl
2024-11-20 14:08:38.486 [info] Removed views:workbench.debug.breakPointsView,workbench.debug.callStackView,workbench.debug.watchExpressionsView,workbench.debug.variablesView from workbench.view.debug
2024-11-20 14:08:38.488 [info] Added views:workbench.debug.welcome in workbench.view.debug
2024-11-20 14:08:38.790 [info] Added views:~remote.forwardedPorts in ~remote.forwardedPortsContainer
2024-11-20 14:08:39.213 [info] Added views:workbench.scm.history in workbench.view.scm
