2024-11-20 14:08:21.719 [info] [main] Log level: Info
2024-11-20 14:08:21.719 [info] [main] Validating found git in: "git"
2024-11-20 14:08:21.719 [info] [main] Using git "2.47.0" from "git"
2024-11-20 14:08:21.719 [info] [Model][doInitialScan] Initial repository scan started
2024-11-20 14:08:21.719 [info] > git rev-parse --show-toplevel [14ms]
2024-11-20 14:08:21.719 [info] fatal: not a git repository (or any parent up to mount point /)
Stopping at filesystem boundary (GIT_DISCOVERY_ACROSS_FILESYSTEM not set).
2024-11-20 14:08:21.719 [info] > git rev-parse --show-toplevel [7ms]
2024-11-20 14:08:21.719 [info] fatal: not a git repository (or any parent up to mount point /)
Stopping at filesystem boundary (GIT_DISCOVERY_ACROSS_FILESYSTEM not set).
2024-11-20 14:08:21.719 [info] [Model][doInitialScan] Initial repository scan completed - repositories (0), closed repositories (0), parent repositories (0), unsafe repositories (0)
2024-11-20 14:08:39.031 [info] [main] Log level: Info
2024-11-20 14:08:39.032 [info] [main] Validating found git in: "git"
2024-11-20 14:08:39.032 [info] [main] Using git "2.47.0" from "git"
2024-11-20 14:08:39.032 [info] [Model][doInitialScan] Initial repository scan started
2024-11-20 14:08:39.032 [info] > git rev-parse --show-toplevel [22ms]
2024-11-20 14:08:39.033 [info] > git rev-parse --git-dir --git-common-dir [4ms]
2024-11-20 14:08:39.063 [info] [Model][openRepository] Opened repository: /home/hashib/.config
2024-11-20 14:08:39.087 [info] > git config --get commit.template [5ms]
2024-11-20 14:08:39.106 [info] > git for-each-ref --format=%(refname)%00%(upstream:short)%00%(objectname)%00%(upstream:track)%00%(upstream:remotename)%00%(upstream:remoteref) refs/heads/main refs/remotes/main [4ms]
2024-11-20 14:08:39.500 [info] > git for-each-ref --sort -committerdate --format %(refname) %(objectname) %(*objectname) [362ms]
2024-11-20 14:08:39.919 [info] > git status -z -uall [799ms]
2024-11-20 14:08:41.585 [info] > git check-ignore -v -z --stdin [25ms]
2024-11-20 14:08:41.588 [info] > git for-each-ref --format=%(refname)%00%(upstream:short)%00%(objectname)%00%(upstream:track)%00%(upstream:remotename)%00%(upstream:remoteref) refs/heads/main refs/remotes/main [1249ms]
2024-11-20 14:08:41.641 [info] > git config --local branch.main.vscode-merge-base [43ms]
2024-11-20 14:08:41.641 [warning] [Git][config] git config failed: Failed to execute git
2024-11-20 14:08:41.664 [info] > git config --get commit.template [81ms]
2024-11-20 14:08:41.683 [info] > git reflog main --grep-reflog=branch: Created from *. [20ms]
2024-11-20 14:08:41.699 [info] > git for-each-ref --format=%(refname)%00%(upstream:short)%00%(objectname)%00%(upstream:track)%00%(upstream:remotename)%00%(upstream:remoteref) refs/heads/main refs/remotes/main [19ms]
2024-11-20 14:08:41.740 [info] > git for-each-ref --sort -committerdate --format %(refname) %(objectname) %(*objectname) [2ms]
2024-11-20 14:08:41.743 [info] > git symbolic-ref --short refs/remotes/origin/HEAD [47ms]
2024-11-20 14:08:41.743 [info] fatal: ref refs/remotes/origin/HEAD is not a symbolic ref
2024-11-20 14:08:41.743 [warning] [Repository][getDefaultBranch] Failed to get default branch details: Failed to execute git.
2024-11-20 14:08:41.770 [info] > git rev-parse --show-toplevel [3ms]
2024-11-20 14:08:41.789 [info] > git rev-parse --show-toplevel [5ms]
2024-11-20 14:08:41.803 [info] > git rev-parse --show-toplevel [3ms]
2024-11-20 14:08:41.816 [info] > git status -z -uall [101ms]
2024-11-20 14:08:41.816 [info] > git rev-parse --show-toplevel [4ms]
2024-11-20 14:08:43.991 [info] > git check-ignore -v -z --stdin [117ms]
2024-11-20 14:08:43.992 [info] > git rev-parse --show-toplevel [130ms]
2024-11-20 14:08:44.022 [info] > git rev-parse --show-toplevel [5ms]
2024-11-20 14:08:44.045 [info] > git rev-parse --show-toplevel [7ms]
2024-11-20 14:08:44.059 [info] > git rev-parse --show-toplevel [2ms]
2024-11-20 14:08:44.070 [info] > git rev-parse --show-toplevel [1ms]
2024-11-20 14:08:44.081 [info] > git rev-parse --show-toplevel [2ms]
2024-11-20 14:08:44.089 [info] > git rev-parse --show-toplevel [2ms]
2024-11-20 14:08:44.096 [info] > git rev-parse --show-toplevel [1ms]
2024-11-20 14:08:44.105 [info] > git rev-parse --show-toplevel [2ms]
2024-11-20 14:08:44.112 [info] > git rev-parse --show-toplevel [1ms]
2024-11-20 14:08:44.120 [info] > git rev-parse --show-toplevel [2ms]
2024-11-20 14:08:44.128 [info] > git rev-parse --show-toplevel [1ms]
2024-11-20 14:08:44.135 [info] > git rev-parse --show-toplevel [1ms]
2024-11-20 14:08:44.144 [info] > git rev-parse --show-toplevel [2ms]
2024-11-20 14:08:44.151 [info] > git rev-parse --show-toplevel [1ms]
2024-11-20 14:08:44.159 [info] > git rev-parse --show-toplevel [2ms]
2024-11-20 14:08:44.166 [info] > git rev-parse --show-toplevel [1ms]
2024-11-20 14:08:44.174 [info] > git rev-parse --show-toplevel [1ms]
2024-11-20 14:08:44.183 [info] > git rev-parse --show-toplevel [3ms]
2024-11-20 14:08:44.190 [info] > git rev-parse --show-toplevel [1ms]
2024-11-20 14:08:44.198 [info] > git rev-parse --show-toplevel [2ms]
2024-11-20 14:08:44.206 [info] > git rev-parse --show-toplevel [1ms]
2024-11-20 14:08:44.213 [info] > git rev-parse --show-toplevel [1ms]
2024-11-20 14:08:44.220 [info] > git rev-parse --show-toplevel [1ms]
2024-11-20 14:08:44.227 [info] > git rev-parse --show-toplevel [2ms]
2024-11-20 14:08:44.234 [info] > git rev-parse --show-toplevel [2ms]
2024-11-20 14:08:44.240 [info] > git rev-parse --show-toplevel [1ms]
2024-11-20 14:08:44.247 [info] > git rev-parse --show-toplevel [1ms]
2024-11-20 14:08:44.254 [info] > git rev-parse --show-toplevel [2ms]
2024-11-20 14:08:44.261 [info] > git rev-parse --show-toplevel [2ms]
2024-11-20 14:08:44.267 [info] > git rev-parse --show-toplevel [1ms]
2024-11-20 14:08:44.274 [info] > git rev-parse --show-toplevel [1ms]
2024-11-20 14:08:44.281 [info] > git rev-parse --show-toplevel [1ms]
2024-11-20 14:08:44.289 [info] > git rev-parse --show-toplevel [2ms]
2024-11-20 14:08:44.296 [info] > git rev-parse --show-toplevel [2ms]
2024-11-20 14:08:44.304 [info] > git rev-parse --show-toplevel [1ms]
2024-11-20 14:08:44.311 [info] > git rev-parse --show-toplevel [2ms]
2024-11-20 14:08:44.318 [info] > git rev-parse --show-toplevel [1ms]
2024-11-20 14:08:44.325 [info] > git rev-parse --show-toplevel [2ms]
2024-11-20 14:08:44.331 [info] > git rev-parse --show-toplevel [1ms]
2024-11-20 14:08:44.338 [info] > git rev-parse --show-toplevel [1ms]
2024-11-20 14:08:44.345 [info] > git rev-parse --show-toplevel [1ms]
2024-11-20 14:08:44.352 [info] > git rev-parse --show-toplevel [1ms]
2024-11-20 14:08:44.360 [info] > git rev-parse --show-toplevel [1ms]
2024-11-20 14:08:44.366 [info] > git rev-parse --show-toplevel [1ms]
2024-11-20 14:08:44.373 [info] > git rev-parse --show-toplevel [1ms]
2024-11-20 14:08:44.380 [info] > git rev-parse --show-toplevel [2ms]
2024-11-20 14:08:44.389 [info] > git rev-parse --show-toplevel [2ms]
2024-11-20 14:08:44.397 [info] > git rev-parse --show-toplevel [2ms]
2024-11-20 14:08:44.404 [info] > git rev-parse --show-toplevel [1ms]
2024-11-20 14:08:44.405 [info] [Model][doInitialScan] Initial repository scan completed - repositories (1), closed repositories (0), parent repositories (0), unsafe repositories (0)
2024-11-20 14:08:44.420 [info] > git show --textconv :waypaper/config.ini [8ms]
2024-11-20 14:08:44.422 [info] > git ls-files --stage -- /home/hashib/.config/waypaper/config.ini [3ms]
2024-11-20 14:08:44.430 [info] > git cat-file -s 11853715ff1e573e94fa72d8dd36c445d8c6c04c [2ms]
2024-11-20 14:08:45.652 [info] > git config --get commit.template [13ms]
2024-11-20 14:08:45.653 [info] > git for-each-ref --format=%(refname)%00%(upstream:short)%00%(objectname)%00%(upstream:track)%00%(upstream:remotename)%00%(upstream:remoteref) refs/heads/main refs/remotes/main [1ms]
2024-11-20 14:08:45.670 [info] > git for-each-ref --sort -committerdate --format %(refname) %(objectname) %(*objectname) [2ms]
2024-11-20 14:08:45.699 [info] > git status -z -uall [38ms]
2024-11-20 14:08:58.619 [info] > git config --get commit.template [17ms]
2024-11-20 14:08:58.624 [info] > git for-each-ref --format=%(refname)%00%(upstream:short)%00%(objectname)%00%(upstream:track)%00%(upstream:remotename)%00%(upstream:remoteref) refs/heads/main refs/remotes/main [5ms]
2024-11-20 14:08:58.659 [info] > git for-each-ref --sort -committerdate --format %(refname) %(objectname) %(*objectname) [4ms]
2024-11-20 14:08:58.701 [info] > git status -z -uall [61ms]
2024-11-20 14:09:12.264 [info] > git config --get commit.template [23ms]
2024-11-20 14:09:12.268 [info] > git for-each-ref --format=%(refname)%00%(upstream:short)%00%(objectname)%00%(upstream:track)%00%(upstream:remotename)%00%(upstream:remoteref) refs/heads/main refs/remotes/main [7ms]
2024-11-20 14:09:12.328 [info] > git for-each-ref --sort -committerdate --format %(refname) %(objectname) %(*objectname) [6ms]
2024-11-20 14:09:12.376 [info] > git status -z -uall [87ms]
2024-11-20 14:12:01.143 [info] > git config --get commit.template [3ms]
2024-11-20 14:12:01.159 [info] > git for-each-ref --format=%(refname)%00%(upstream:short)%00%(objectname)%00%(upstream:track)%00%(upstream:remotename)%00%(upstream:remoteref) refs/heads/main refs/remotes/main [3ms]
2024-11-20 14:12:01.200 [info] > git for-each-ref --sort -committerdate --format %(refname) %(objectname) %(*objectname) [3ms]
2024-11-20 14:12:01.260 [info] > git status -z -uall [88ms]
2024-11-20 14:12:12.378 [info] > git config --get commit.template [15ms]
2024-11-20 14:12:12.381 [info] > git for-each-ref --format=%(refname)%00%(upstream:short)%00%(objectname)%00%(upstream:track)%00%(upstream:remotename)%00%(upstream:remoteref) refs/heads/main refs/remotes/main [5ms]
2024-11-20 14:12:12.433 [info] > git for-each-ref --sort -committerdate --format %(refname) %(objectname) %(*objectname) [7ms]
2024-11-20 14:12:12.484 [info] > git status -z -uall [90ms]
2024-11-20 14:12:17.813 [info] > git config --get commit.template [9ms]
2024-11-20 14:12:17.816 [info] > git for-each-ref --format=%(refname)%00%(upstream:short)%00%(objectname)%00%(upstream:track)%00%(upstream:remotename)%00%(upstream:remoteref) refs/heads/main refs/remotes/main [4ms]
2024-11-20 14:12:17.836 [info] > git for-each-ref --sort -committerdate --format %(refname) %(objectname) %(*objectname) [2ms]
2024-11-20 14:12:17.873 [info] > git status -z -uall [49ms]
2024-11-20 14:12:19.839 [info] > git check-ignore -v -z --stdin [3ms]
2024-11-20 14:13:57.207 [info] > git config --get commit.template [23ms]
2024-11-20 14:13:57.209 [info] > git for-each-ref --format=%(refname)%00%(upstream:short)%00%(objectname)%00%(upstream:track)%00%(upstream:remotename)%00%(upstream:remoteref) refs/heads/main refs/remotes/main [5ms]
2024-11-20 14:13:57.263 [info] > git for-each-ref --sort -committerdate --format %(refname) %(objectname) %(*objectname) [3ms]
2024-11-20 14:13:57.337 [info] > git status -z -uall [101ms]
2024-11-20 14:14:02.595 [info] > git config --get commit.template [12ms]
2024-11-20 14:14:02.596 [info] > git for-each-ref --format=%(refname)%00%(upstream:short)%00%(objectname)%00%(upstream:track)%00%(upstream:remotename)%00%(upstream:remoteref) refs/heads/main refs/remotes/main [3ms]
2024-11-20 14:14:02.612 [info] > git for-each-ref --sort -committerdate --format %(refname) %(objectname) %(*objectname) [3ms]
2024-11-20 14:14:02.643 [info] > git status -z -uall [40ms]
2024-11-20 14:14:07.823 [info] > git config --get commit.template [12ms]
2024-11-20 14:14:07.824 [info] > git for-each-ref --format=%(refname)%00%(upstream:short)%00%(objectname)%00%(upstream:track)%00%(upstream:remotename)%00%(upstream:remoteref) refs/heads/main refs/remotes/main [3ms]
2024-11-20 14:14:07.842 [info] > git for-each-ref --sort -committerdate --format %(refname) %(objectname) %(*objectname) [2ms]
2024-11-20 14:14:07.870 [info] > git status -z -uall [38ms]
2024-11-20 14:14:10.056 [info] > git check-ignore -v -z --stdin [2ms]
2024-11-20 14:14:11.673 [info] > git show --textconv :hypr/scripts/initWallpaper.sh [17ms]
2024-11-20 14:14:11.676 [info] > git ls-files --stage -- /home/hashib/.config/hypr/scripts/initWallpaper.sh [3ms]
2024-11-20 14:14:11.692 [info] > git cat-file -s 30820d5c368f165e9e018a41b10a77e5d3d16803 [2ms]
2024-11-20 14:14:13.051 [info] > git config --get commit.template [12ms]
2024-11-20 14:14:13.053 [info] > git for-each-ref --format=%(refname)%00%(upstream:short)%00%(objectname)%00%(upstream:track)%00%(upstream:remotename)%00%(upstream:remoteref) refs/heads/main refs/remotes/main [2ms]
2024-11-20 14:14:13.071 [info] > git for-each-ref --sort -committerdate --format %(refname) %(objectname) %(*objectname) [2ms]
2024-11-20 14:14:13.100 [info] > git status -z -uall [39ms]
2024-11-20 14:14:18.261 [info] > git config --get commit.template [20ms]
2024-11-20 14:14:18.263 [info] > git for-each-ref --format=%(refname)%00%(upstream:short)%00%(objectname)%00%(upstream:track)%00%(upstream:remotename)%00%(upstream:remoteref) refs/heads/main refs/remotes/main [3ms]
2024-11-20 14:14:18.279 [info] > git for-each-ref --sort -committerdate --format %(refname) %(objectname) %(*objectname) [2ms]
2024-11-20 14:14:18.310 [info] > git status -z -uall [41ms]
2024-11-20 14:14:23.456 [info] > git config --get commit.template [12ms]
2024-11-20 14:14:23.457 [info] > git for-each-ref --format=%(refname)%00%(upstream:short)%00%(objectname)%00%(upstream:track)%00%(upstream:remotename)%00%(upstream:remoteref) refs/heads/main refs/remotes/main [2ms]
2024-11-20 14:14:23.478 [info] > git for-each-ref --sort -committerdate --format %(refname) %(objectname) %(*objectname) [1ms]
2024-11-20 14:14:23.508 [info] > git status -z -uall [41ms]
2024-11-20 14:14:28.667 [info] > git config --get commit.template [13ms]
2024-11-20 14:14:28.669 [info] > git for-each-ref --format=%(refname)%00%(upstream:short)%00%(objectname)%00%(upstream:track)%00%(upstream:remotename)%00%(upstream:remoteref) refs/heads/main refs/remotes/main [3ms]
2024-11-20 14:14:28.688 [info] > git for-each-ref --sort -committerdate --format %(refname) %(objectname) %(*objectname) [2ms]
2024-11-20 14:14:28.718 [info] > git status -z -uall [39ms]
2024-11-20 14:14:33.894 [info] > git config --get commit.template [9ms]
2024-11-20 14:14:33.895 [info] > git for-each-ref --format=%(refname)%00%(upstream:short)%00%(objectname)%00%(upstream:track)%00%(upstream:remotename)%00%(upstream:remoteref) refs/heads/main refs/remotes/main [3ms]
2024-11-20 14:14:33.914 [info] > git for-each-ref --sort -committerdate --format %(refname) %(objectname) %(*objectname) [2ms]
2024-11-20 14:14:33.943 [info] > git status -z -uall [41ms]
2024-11-20 14:14:39.095 [info] > git config --get commit.template [11ms]
2024-11-20 14:14:39.097 [info] > git for-each-ref --format=%(refname)%00%(upstream:short)%00%(objectname)%00%(upstream:track)%00%(upstream:remotename)%00%(upstream:remoteref) refs/heads/main refs/remotes/main [4ms]
2024-11-20 14:14:39.131 [info] > git for-each-ref --sort -committerdate --format %(refname) %(objectname) %(*objectname) [15ms]
2024-11-20 14:14:39.133 [info] > git check-ignore -v -z --stdin [4ms]
2024-11-20 14:14:39.158 [info] > git status -z -uall [52ms]
2024-11-20 14:14:43.089 [info] > git show --textconv :hypr/scripts/wallpaper.sh [13ms]
2024-11-20 14:14:43.092 [info] > git ls-files --stage -- /home/hashib/.config/hypr/scripts/wallpaper.sh [4ms]
2024-11-20 14:14:43.321 [info] > git check-ignore -v -z --stdin [2ms]
2024-11-20 14:14:44.337 [info] > git config --get commit.template [15ms]
2024-11-20 14:14:44.339 [info] > git for-each-ref --format=%(refname)%00%(upstream:short)%00%(objectname)%00%(upstream:track)%00%(upstream:remotename)%00%(upstream:remoteref) refs/heads/main refs/remotes/main [3ms]
2024-11-20 14:14:44.367 [info] > git for-each-ref --sort -committerdate --format %(refname) %(objectname) %(*objectname) [2ms]
2024-11-20 14:14:44.395 [info] > git status -z -uall [43ms]
2024-11-20 14:14:49.553 [info] > git config --get commit.template [13ms]
2024-11-20 14:14:49.554 [info] > git for-each-ref --format=%(refname)%00%(upstream:short)%00%(objectname)%00%(upstream:track)%00%(upstream:remotename)%00%(upstream:remoteref) refs/heads/main refs/remotes/main [2ms]
2024-11-20 14:14:49.578 [info] > git for-each-ref --sort -committerdate --format %(refname) %(objectname) %(*objectname) [2ms]
2024-11-20 14:14:49.610 [info] > git status -z -uall [42ms]
2024-11-20 14:14:54.783 [info] > git config --get commit.template [16ms]
2024-11-20 14:14:54.784 [info] > git for-each-ref --format=%(refname)%00%(upstream:short)%00%(objectname)%00%(upstream:track)%00%(upstream:remotename)%00%(upstream:remoteref) refs/heads/main refs/remotes/main [2ms]
2024-11-20 14:14:54.801 [info] > git for-each-ref --sort -committerdate --format %(refname) %(objectname) %(*objectname) [2ms]
2024-11-20 14:14:54.830 [info] > git status -z -uall [39ms]
2024-11-20 14:15:00.009 [info] > git config --get commit.template [12ms]
2024-11-20 14:15:00.010 [info] > git for-each-ref --format=%(refname)%00%(upstream:short)%00%(objectname)%00%(upstream:track)%00%(upstream:remotename)%00%(upstream:remoteref) refs/heads/main refs/remotes/main [2ms]
2024-11-20 14:15:00.032 [info] > git for-each-ref --sort -committerdate --format %(refname) %(objectname) %(*objectname) [2ms]
2024-11-20 14:15:00.061 [info] > git status -z -uall [39ms]
2024-11-20 14:15:04.718 [info] > git show --textconv :hypr/scripts/initWallpaper.sh [12ms]
2024-11-20 14:15:04.719 [info] > git ls-files --stage -- /home/hashib/.config/hypr/scripts/initWallpaper.sh [3ms]
2024-11-20 14:15:04.729 [info] > git cat-file -s 30820d5c368f165e9e018a41b10a77e5d3d16803 [1ms]
2024-11-20 14:15:05.248 [info] > git config --get commit.template [9ms]
2024-11-20 14:15:05.249 [info] > git for-each-ref --format=%(refname)%00%(upstream:short)%00%(objectname)%00%(upstream:track)%00%(upstream:remotename)%00%(upstream:remoteref) refs/heads/main refs/remotes/main [1ms]
2024-11-20 14:15:05.267 [info] > git for-each-ref --sort -committerdate --format %(refname) %(objectname) %(*objectname) [2ms]
2024-11-20 14:15:05.298 [info] > git status -z -uall [41ms]
2024-11-20 14:15:10.459 [info] > git config --get commit.template [9ms]
2024-11-20 14:15:10.461 [info] > git for-each-ref --format=%(refname)%00%(upstream:short)%00%(objectname)%00%(upstream:track)%00%(upstream:remotename)%00%(upstream:remoteref) refs/heads/main refs/remotes/main [3ms]
2024-11-20 14:15:10.481 [info] > git for-each-ref --sort -committerdate --format %(refname) %(objectname) %(*objectname) [2ms]
2024-11-20 14:15:10.512 [info] > git status -z -uall [41ms]
2024-11-20 14:15:15.679 [info] > git config --get commit.template [13ms]
2024-11-20 14:15:15.680 [info] > git for-each-ref --format=%(refname)%00%(upstream:short)%00%(objectname)%00%(upstream:track)%00%(upstream:remotename)%00%(upstream:remoteref) refs/heads/main refs/remotes/main [2ms]
2024-11-20 14:15:15.698 [info] > git for-each-ref --sort -committerdate --format %(refname) %(objectname) %(*objectname) [2ms]
2024-11-20 14:15:15.730 [info] > git status -z -uall [42ms]
2024-11-20 14:15:17.021 [info] > git show --textconv :hypr/scripts/wallpaper.sh [13ms]
2024-11-20 14:15:17.023 [info] > git ls-files --stage -- /home/hashib/.config/hypr/scripts/wallpaper.sh [4ms]
2024-11-20 14:15:20.972 [info] > git config --get commit.template [12ms]
2024-11-20 14:15:20.972 [info] > git for-each-ref --format=%(refname)%00%(upstream:short)%00%(objectname)%00%(upstream:track)%00%(upstream:remotename)%00%(upstream:remoteref) refs/heads/main refs/remotes/main [1ms]
2024-11-20 14:15:20.990 [info] > git for-each-ref --sort -committerdate --format %(refname) %(objectname) %(*objectname) [2ms]
2024-11-20 14:15:21.017 [info] > git status -z -uall [36ms]
2024-11-20 14:15:26.178 [info] > git config --get commit.template [12ms]
2024-11-20 14:15:26.179 [info] > git for-each-ref --format=%(refname)%00%(upstream:short)%00%(objectname)%00%(upstream:track)%00%(upstream:remotename)%00%(upstream:remoteref) refs/heads/main refs/remotes/main [2ms]
2024-11-20 14:15:26.202 [info] > git for-each-ref --sort -committerdate --format %(refname) %(objectname) %(*objectname) [2ms]
2024-11-20 14:15:26.241 [info] > git status -z -uall [53ms]
2024-11-20 14:15:27.447 [info] > git show --textconv :waypaper/config.ini [12ms]
2024-11-20 14:15:27.449 [info] > git ls-files --stage -- /home/hashib/.config/waypaper/config.ini [4ms]
2024-11-20 14:15:27.460 [info] > git cat-file -s 11853715ff1e573e94fa72d8dd36c445d8c6c04c [2ms]
2024-11-20 14:15:29.740 [info] > git show --textconv :hypr/scripts/wallpaper.sh [9ms]
2024-11-20 14:15:29.742 [info] > git ls-files --stage -- /home/hashib/.config/hypr/scripts/wallpaper.sh [3ms]
2024-11-20 14:15:30.530 [info] > git show --textconv :waypaper/config.ini [1ms]
2024-11-20 14:15:30.545 [info] > git ls-files --stage -- /home/hashib/.config/waypaper/config.ini [2ms]
2024-11-20 14:15:30.559 [info] > git cat-file -s 11853715ff1e573e94fa72d8dd36c445d8c6c04c [3ms]
2024-11-20 14:15:31.442 [info] > git config --get commit.template [11ms]
2024-11-20 14:15:31.442 [info] > git for-each-ref --format=%(refname)%00%(upstream:short)%00%(objectname)%00%(upstream:track)%00%(upstream:remotename)%00%(upstream:remoteref) refs/heads/main refs/remotes/main [2ms]
2024-11-20 14:15:31.466 [info] > git for-each-ref --sort -committerdate --format %(refname) %(objectname) %(*objectname) [3ms]
2024-11-20 14:15:31.500 [info] > git status -z -uall [47ms]
2024-11-20 14:15:34.387 [info] > git show --textconv :hypr/scripts/wallpaper.sh [12ms]
2024-11-20 14:15:34.388 [info] > git ls-files --stage -- /home/hashib/.config/hypr/scripts/wallpaper.sh [2ms]
2024-11-20 14:15:36.669 [info] > git config --get commit.template [10ms]
2024-11-20 14:15:36.670 [info] > git for-each-ref --format=%(refname)%00%(upstream:short)%00%(objectname)%00%(upstream:track)%00%(upstream:remotename)%00%(upstream:remoteref) refs/heads/main refs/remotes/main [2ms]
2024-11-20 14:15:36.688 [info] > git for-each-ref --sort -committerdate --format %(refname) %(objectname) %(*objectname) [2ms]
2024-11-20 14:15:36.717 [info] > git status -z -uall [39ms]
2024-11-20 14:15:41.859 [info] > git config --get commit.template [2ms]
2024-11-20 14:15:41.875 [info] > git for-each-ref --format=%(refname)%00%(upstream:short)%00%(objectname)%00%(upstream:track)%00%(upstream:remotename)%00%(upstream:remoteref) refs/heads/main refs/remotes/main [2ms]
2024-11-20 14:15:41.899 [info] > git for-each-ref --sort -committerdate --format %(refname) %(objectname) %(*objectname) [3ms]
2024-11-20 14:15:41.968 [info] > git status -z -uall [80ms]
2024-11-20 14:15:43.967 [info] > git show --textconv :hypr/scripts/initWallpaper.sh [9ms]
2024-11-20 14:15:43.969 [info] > git ls-files --stage -- /home/hashib/.config/hypr/scripts/initWallpaper.sh [2ms]
2024-11-20 14:15:43.978 [info] > git cat-file -s 30820d5c368f165e9e018a41b10a77e5d3d16803 [2ms]
2024-11-20 14:15:47.174 [info] > git config --get commit.template [15ms]
2024-11-20 14:15:47.175 [info] > git for-each-ref --format=%(refname)%00%(upstream:short)%00%(objectname)%00%(upstream:track)%00%(upstream:remotename)%00%(upstream:remoteref) refs/heads/main refs/remotes/main [2ms]
2024-11-20 14:15:47.198 [info] > git for-each-ref --sort -committerdate --format %(refname) %(objectname) %(*objectname) [2ms]
2024-11-20 14:15:47.228 [info] > git status -z -uall [39ms]
2024-11-20 14:15:52.432 [info] > git config --get commit.template [12ms]
2024-11-20 14:15:52.434 [info] > git for-each-ref --format=%(refname)%00%(upstream:short)%00%(objectname)%00%(upstream:track)%00%(upstream:remotename)%00%(upstream:remoteref) refs/heads/main refs/remotes/main [4ms]
2024-11-20 14:15:52.452 [info] > git for-each-ref --sort -committerdate --format %(refname) %(objectname) %(*objectname) [2ms]
2024-11-20 14:15:52.481 [info] > git status -z -uall [39ms]
2024-11-20 14:15:57.657 [info] > git config --get commit.template [9ms]
2024-11-20 14:15:57.658 [info] > git for-each-ref --format=%(refname)%00%(upstream:short)%00%(objectname)%00%(upstream:track)%00%(upstream:remotename)%00%(upstream:remoteref) refs/heads/main refs/remotes/main [2ms]
2024-11-20 14:15:57.679 [info] > git for-each-ref --sort -committerdate --format %(refname) %(objectname) %(*objectname) [2ms]
2024-11-20 14:15:57.708 [info] > git status -z -uall [38ms]
2024-11-20 14:16:02.902 [info] > git config --get commit.template [12ms]
2024-11-20 14:16:02.903 [info] > git for-each-ref --format=%(refname)%00%(upstream:short)%00%(objectname)%00%(upstream:track)%00%(upstream:remotename)%00%(upstream:remoteref) refs/heads/main refs/remotes/main [2ms]
2024-11-20 14:16:02.925 [info] > git for-each-ref --sort -committerdate --format %(refname) %(objectname) %(*objectname) [2ms]
2024-11-20 14:16:02.954 [info] > git status -z -uall [38ms]
2024-11-20 14:16:08.135 [info] > git config --get commit.template [2ms]
2024-11-20 14:16:08.146 [info] > git for-each-ref --format=%(refname)%00%(upstream:short)%00%(objectname)%00%(upstream:track)%00%(upstream:remotename)%00%(upstream:remoteref) refs/heads/main refs/remotes/main [2ms]
2024-11-20 14:16:08.171 [info] > git for-each-ref --sort -committerdate --format %(refname) %(objectname) %(*objectname) [1ms]
2024-11-20 14:16:08.206 [info] > git status -z -uall [48ms]
2024-11-20 14:16:09.526 [info] > git show --textconv :waypaper/config.ini [12ms]
2024-11-20 14:16:09.527 [info] > git ls-files --stage -- /home/hashib/.config/waypaper/config.ini [3ms]
2024-11-20 14:16:09.537 [info] > git cat-file -s 11853715ff1e573e94fa72d8dd36c445d8c6c04c [3ms]
2024-11-20 14:16:13.405 [info] > git config --get commit.template [16ms]
2024-11-20 14:16:13.407 [info] > git for-each-ref --format=%(refname)%00%(upstream:short)%00%(objectname)%00%(upstream:track)%00%(upstream:remotename)%00%(upstream:remoteref) refs/heads/main refs/remotes/main [2ms]
2024-11-20 14:16:13.430 [info] > git for-each-ref --sort -committerdate --format %(refname) %(objectname) %(*objectname) [2ms]
2024-11-20 14:16:13.460 [info] > git status -z -uall [39ms]
2024-11-20 14:16:18.652 [info] > git config --get commit.template [13ms]
2024-11-20 14:16:18.653 [info] > git for-each-ref --format=%(refname)%00%(upstream:short)%00%(objectname)%00%(upstream:track)%00%(upstream:remotename)%00%(upstream:remoteref) refs/heads/main refs/remotes/main [2ms]
2024-11-20 14:16:18.676 [info] > git for-each-ref --sort -committerdate --format %(refname) %(objectname) %(*objectname) [2ms]
2024-11-20 14:16:18.705 [info] > git status -z -uall [41ms]
2024-11-20 14:16:23.880 [info] > git config --get commit.template [14ms]
2024-11-20 14:16:23.881 [info] > git for-each-ref --format=%(refname)%00%(upstream:short)%00%(objectname)%00%(upstream:track)%00%(upstream:remotename)%00%(upstream:remoteref) refs/heads/main refs/remotes/main [2ms]
2024-11-20 14:16:23.899 [info] > git for-each-ref --sort -committerdate --format %(refname) %(objectname) %(*objectname) [2ms]
2024-11-20 14:16:23.926 [info] > git status -z -uall [37ms]
2024-11-20 14:16:29.089 [info] > git config --get commit.template [3ms]
2024-11-20 14:16:29.100 [info] > git for-each-ref --format=%(refname)%00%(upstream:short)%00%(objectname)%00%(upstream:track)%00%(upstream:remotename)%00%(upstream:remoteref) refs/heads/main refs/remotes/main [2ms]
2024-11-20 14:16:29.121 [info] > git for-each-ref --sort -committerdate --format %(refname) %(objectname) %(*objectname) [2ms]
2024-11-20 14:16:29.149 [info] > git status -z -uall [40ms]
2024-11-20 14:16:34.327 [info] > git config --get commit.template [9ms]
2024-11-20 14:16:34.328 [info] > git for-each-ref --format=%(refname)%00%(upstream:short)%00%(objectname)%00%(upstream:track)%00%(upstream:remotename)%00%(upstream:remoteref) refs/heads/main refs/remotes/main [1ms]
2024-11-20 14:16:34.345 [info] > git for-each-ref --sort -committerdate --format %(refname) %(objectname) %(*objectname) [2ms]
2024-11-20 14:16:34.372 [info] > git status -z -uall [37ms]
2024-11-20 14:16:39.545 [info] > git config --get commit.template [13ms]
2024-11-20 14:16:39.546 [info] > git for-each-ref --format=%(refname)%00%(upstream:short)%00%(objectname)%00%(upstream:track)%00%(upstream:remotename)%00%(upstream:remoteref) refs/heads/main refs/remotes/main [2ms]
2024-11-20 14:16:39.573 [info] > git for-each-ref --sort -committerdate --format %(refname) %(objectname) %(*objectname) [4ms]
2024-11-20 14:16:39.605 [info] > git status -z -uall [47ms]
2024-11-20 14:16:46.927 [info] > git config --get commit.template [4ms]
2024-11-20 14:16:46.987 [info] > git for-each-ref --format=%(refname)%00%(upstream:short)%00%(objectname)%00%(upstream:track)%00%(upstream:remotename)%00%(upstream:remoteref) refs/heads/main refs/remotes/main [18ms]
2024-11-20 14:16:47.154 [info] > git for-each-ref --sort -committerdate --format %(refname) %(objectname) %(*objectname) [10ms]
2024-11-20 14:16:47.177 [info] > git status -z -uall [139ms]
2024-11-20 14:16:53.359 [info] > git config --get commit.template [6ms]
2024-11-20 14:16:53.387 [info] > git for-each-ref --format=%(refname)%00%(upstream:short)%00%(objectname)%00%(upstream:track)%00%(upstream:remotename)%00%(upstream:remoteref) refs/heads/main refs/remotes/main [2ms]
2024-11-20 14:16:53.424 [info] > git for-each-ref --sort -committerdate --format %(refname) %(objectname) %(*objectname) [4ms]
2024-11-20 14:16:53.493 [info] > git status -z -uall [92ms]
